<?xml version="1.0" encoding="UTF-8"?>
<!-- Generated by org.testng.reporters.JUnitXMLReporter -->
<testsuite hostname="DESKTOP-SC1TBPB" ignored="1" name="Default test(failed)(failed)" tests="4" failures="1" timestamp="05 Aug 2019 05:22:13 GMT" time="313.229" errors="0">
  <testcase name="loginpass" time="22.626" classname="com.qa.base.SignIn"/>
  <testcase name="LocateStores" time="42.893" classname="com.qa.base.SignIn">
    <failure type="org.openqa.selenium.NoSuchFrameException" message="No frame element found by name or id f14dcbc56037664
Build info: version: &amp;apos;3.141.59&amp;apos;, revision: &amp;apos;e82be7d358&amp;apos;, time: &amp;apos;2018-11-14T08:25:48&amp;apos;
System info: host: &amp;apos;DESKTOP-SC1TBPB&amp;apos;, ip: &amp;apos;192.168.2.18&amp;apos;, os.name: &amp;apos;Windows 10&amp;apos;, os.arch: &amp;apos;amd64&amp;apos;, os.version: &amp;apos;10.0&amp;apos;, java.version: &amp;apos;1.8.0_201&amp;apos;
Driver info: driver.version: unknown">
      <![CDATA[org.openqa.selenium.NoSuchFrameException: No frame element found by name or id f14dcbc56037664
Build info: version: '3.141.59', revision: 'e82be7d358', time: '2018-11-14T08:25:48'
System info: host: 'DESKTOP-SC1TBPB', ip: '192.168.2.18', os.name: 'Windows 10', os.arch: 'amd64', os.version: '10.0', java.version: '1.8.0_201'
Driver info: driver.version: unknown
at org.openqa.selenium.remote.RemoteWebDriver$RemoteTargetLocator.frame(RemoteWebDriver.java:885)
at com.qa.base.SignIn.LocateStores(SignIn.java:47)
... Removed 25 stack frames]]>
    </failure>
  </testcase> <!-- LocateStores -->
  <testcase name="Shop" time="51.793" classname="com.qa.base.SignIn"/>
  <testcase name="ContactUs" time="21.596" classname="com.qa.base.SignIn"/>
  <testcase name="init" time="0.0" classname="com.qa.base.SignIn">
    <ignored/>
  </testcase> <!-- init -->
</testsuite> <!-- Default test(failed)(failed) -->
